[2025-02-07 11:13:22] SEVERE [net.snowflake.client.core.SessionUtil newSession] Failed to open new session for user: vblazevic, host: cdwprd.us-east-1.snowflakecomputing.com. Error: Incorrect username or password was specified.
[2025-02-07 11:13:23] SEVERE [liquibase.integration] Connection could not be created to jdbc:snowflake://cdwprd.us-east-1.snowflakecomputing.com/?db=SASDEV&schema=SANDBOX. with driver net.snowflake.client.jdbc.SnowflakeDriver.  Incorrect username or password was specified.
liquibase.exception.CommandExecutionException: liquibase.exception.DatabaseException: liquibase.exception.DatabaseException: liquibase.exception.DatabaseException: liquibase.exception.DatabaseException: Connection could not be created to jdbc:snowflake://cdwprd.us-east-1.snowflakecomputing.com/?db=SASDEV&schema=SANDBOX. with driver net.snowflake.client.jdbc.SnowflakeDriver.  Incorrect username or password was specified.
	at liquibase.command.CommandScope.lambda$execute$6(CommandScope.java:278)
	at liquibase.Scope.child(Scope.java:203)
	at liquibase.Scope.child(Scope.java:179)
	at liquibase.command.CommandScope.execute(CommandScope.java:219)
	at liquibase.integration.commandline.CommandRunner.call(CommandRunner.java:51)
	at liquibase.integration.commandline.CommandRunner.call(CommandRunner.java:21)
	at picocli.CommandLine.executeUserObject(CommandLine.java:2045)
	at picocli.CommandLine.access$1500(CommandLine.java:148)
	at picocli.CommandLine$RunLast.executeUserObjectOfLastSubcommandWithSameParent(CommandLine.java:2465)
	at picocli.CommandLine$RunLast.handle(CommandLine.java:2457)
	at picocli.CommandLine$RunLast.handle(CommandLine.java:2419)
	at picocli.CommandLine$AbstractParseResultHandler.execute(CommandLine.java:2277)
	at picocli.CommandLine$RunLast.execute(CommandLine.java:2421)
	at picocli.CommandLine.execute(CommandLine.java:2174)
	at liquibase.integration.commandline.LiquibaseCommandLine.lambda$execute$2(LiquibaseCommandLine.java:391)
	at liquibase.Scope.child(Scope.java:203)
	at liquibase.Scope.child(Scope.java:179)
	at liquibase.integration.commandline.LiquibaseCommandLine.lambda$execute$3(LiquibaseCommandLine.java:366)
	at liquibase.Scope.child(Scope.java:203)
	at liquibase.Scope.child(Scope.java:179)
	at liquibase.integration.commandline.LiquibaseCommandLine.execute(LiquibaseCommandLine.java:363)
	at liquibase.integration.commandline.LiquibaseCommandLine.main(LiquibaseCommandLine.java:98)
	at java.base/jdk.internal.reflect.DirectMethodHandleAccessor.invoke(DirectMethodHandleAccessor.java:103)
	at java.base/java.lang.reflect.Method.invoke(Method.java:580)
	at liquibase.integration.commandline.LiquibaseLauncher.main(LiquibaseLauncher.java:116)
Caused by: liquibase.exception.DatabaseException: liquibase.exception.DatabaseException: liquibase.exception.DatabaseException: liquibase.exception.DatabaseException: Connection could not be created to jdbc:snowflake://cdwprd.us-east-1.snowflakecomputing.com/?db=SASDEV&schema=SANDBOX. with driver net.snowflake.client.jdbc.SnowflakeDriver.  Incorrect username or password was specified.
	at liquibase.command.core.helpers.AbstractDatabaseConnectionCommandStep.createDatabaseObject(AbstractDatabaseConnectionCommandStep.java:106)
	at liquibase.command.core.helpers.DbUrlConnectionCommandStep.obtainDatabase(DbUrlConnectionCommandStep.java:106)
	at liquibase.command.core.helpers.DbUrlConnectionCommandStep.run(DbUrlConnectionCommandStep.java:83)
	at liquibase.command.CommandScope.lambda$execute$6(CommandScope.java:231)
	... 24 more
Caused by: liquibase.exception.DatabaseException: liquibase.exception.DatabaseException: liquibase.exception.DatabaseException: Connection could not be created to jdbc:snowflake://cdwprd.us-east-1.snowflakecomputing.com/?db=SASDEV&schema=SANDBOX. with driver net.snowflake.client.jdbc.SnowflakeDriver.  Incorrect username or password was specified.
	at liquibase.database.DatabaseFactory.openConnection(DatabaseFactory.java:241)
	at liquibase.database.DatabaseFactory.openConnection(DatabaseFactory.java:188)
	at liquibase.database.DatabaseFactory.openDatabase(DatabaseFactory.java:153)
	at liquibase.command.core.helpers.AbstractDatabaseConnectionCommandStep.createDatabaseObject(AbstractDatabaseConnectionCommandStep.java:74)
	... 27 more
Caused by: liquibase.exception.DatabaseException: liquibase.exception.DatabaseException: Connection could not be created to jdbc:snowflake://cdwprd.us-east-1.snowflakecomputing.com/?db=SASDEV&schema=SANDBOX. with driver net.snowflake.client.jdbc.SnowflakeDriver.  Incorrect username or password was specified.
	at liquibase.database.ConnectionServiceFactory.create(ConnectionServiceFactory.java:35)
	at liquibase.database.DatabaseFactory.openConnection(DatabaseFactory.java:238)
	... 30 more
Caused by: liquibase.exception.DatabaseException: Connection could not be created to jdbc:snowflake://cdwprd.us-east-1.snowflakecomputing.com/?db=SASDEV&schema=SANDBOX. with driver net.snowflake.client.jdbc.SnowflakeDriver.  Incorrect username or password was specified.
	at liquibase.database.jvm.JdbcConnection.open(JdbcConnection.java:50)
	at com.datical.liquibase.ext.database.jvm.ProJdbcConnection.open(ProJdbcConnection.java:33)
	at liquibase.database.ConnectionServiceFactory.create(ConnectionServiceFactory.java:32)
	... 31 more
Caused by: net.snowflake.client.jdbc.SnowflakeSQLException: Incorrect username or password was specified.
	at net.snowflake.client.core.SessionUtil.newSession(SessionUtil.java:794)
	at net.snowflake.client.core.SessionUtil.openSession(SessionUtil.java:310)
	at net.snowflake.client.core.SFSession.open(SFSession.java:651)
	at net.snowflake.client.jdbc.DefaultSFConnectionHandler.initialize(DefaultSFConnectionHandler.java:129)
	at net.snowflake.client.jdbc.DefaultSFConnectionHandler.initializeConnection(DefaultSFConnectionHandler.java:102)
	at net.snowflake.client.jdbc.SnowflakeConnectionV1.initConnectionWithImpl(SnowflakeConnectionV1.java:146)
	at net.snowflake.client.jdbc.SnowflakeConnectionV1.<init>(SnowflakeConnectionV1.java:123)
	at net.snowflake.client.jdbc.SnowflakeDriver.connect(SnowflakeDriver.java:231)
	at liquibase.database.jvm.JdbcConnection.open(JdbcConnection.java:42)
	... 33 more

[2025-02-07 11:16:21] SEVERE [net.snowflake.client.core.SessionUtil newSession] Failed to open new session for user: vblazevic, host: cdwprd.us-east-1.snowflakecomputing.com. Error: Your user account has been temporarily locked due to too many failed attempts. Try again after 15 minutes or contact your account administrator for assistance. For more information about this error, go to https://community.snowflake.com/s/error-your-user-login-has-been-locked.
[2025-02-07 11:16:21] SEVERE [liquibase.integration] Connection could not be created to jdbc:snowflake://cdwprd.us-east-1.snowflakecomputing.com/?db=SASDEV&schema=SANDBOX. with driver net.snowflake.client.jdbc.SnowflakeDriver.  Your user account has been temporarily locked due to too many failed attempts. Try again after 15 minutes or contact your account administrator for assistance. For more information about this error, go to https://community.snowflake.com/s/error-your-user-login-has-been-locked.
liquibase.exception.CommandExecutionException: liquibase.exception.DatabaseException: liquibase.exception.DatabaseException: liquibase.exception.DatabaseException: liquibase.exception.DatabaseException: Connection could not be created to jdbc:snowflake://cdwprd.us-east-1.snowflakecomputing.com/?db=SASDEV&schema=SANDBOX. with driver net.snowflake.client.jdbc.SnowflakeDriver.  Your user account has been temporarily locked due to too many failed attempts. Try again after 15 minutes or contact your account administrator for assistance. For more information about this error, go to https://community.snowflake.com/s/error-your-user-login-has-been-locked.
	at liquibase.command.CommandScope.lambda$execute$6(CommandScope.java:278)
	at liquibase.Scope.child(Scope.java:203)
	at liquibase.Scope.child(Scope.java:179)
	at liquibase.command.CommandScope.execute(CommandScope.java:219)
	at liquibase.integration.commandline.CommandRunner.call(CommandRunner.java:51)
	at liquibase.integration.commandline.CommandRunner.call(CommandRunner.java:21)
	at picocli.CommandLine.executeUserObject(CommandLine.java:2045)
	at picocli.CommandLine.access$1500(CommandLine.java:148)
	at picocli.CommandLine$RunLast.executeUserObjectOfLastSubcommandWithSameParent(CommandLine.java:2465)
	at picocli.CommandLine$RunLast.handle(CommandLine.java:2457)
	at picocli.CommandLine$RunLast.handle(CommandLine.java:2419)
	at picocli.CommandLine$AbstractParseResultHandler.execute(CommandLine.java:2277)
	at picocli.CommandLine$RunLast.execute(CommandLine.java:2421)
	at picocli.CommandLine.execute(CommandLine.java:2174)
	at liquibase.integration.commandline.LiquibaseCommandLine.lambda$execute$2(LiquibaseCommandLine.java:391)
	at liquibase.Scope.child(Scope.java:203)
	at liquibase.Scope.child(Scope.java:179)
	at liquibase.integration.commandline.LiquibaseCommandLine.lambda$execute$3(LiquibaseCommandLine.java:366)
	at liquibase.Scope.child(Scope.java:203)
	at liquibase.Scope.child(Scope.java:179)
	at liquibase.integration.commandline.LiquibaseCommandLine.execute(LiquibaseCommandLine.java:363)
	at liquibase.integration.commandline.LiquibaseCommandLine.main(LiquibaseCommandLine.java:98)
	at java.base/jdk.internal.reflect.DirectMethodHandleAccessor.invoke(DirectMethodHandleAccessor.java:103)
	at java.base/java.lang.reflect.Method.invoke(Method.java:580)
	at liquibase.integration.commandline.LiquibaseLauncher.main(LiquibaseLauncher.java:116)
Caused by: liquibase.exception.DatabaseException: liquibase.exception.DatabaseException: liquibase.exception.DatabaseException: liquibase.exception.DatabaseException: Connection could not be created to jdbc:snowflake://cdwprd.us-east-1.snowflakecomputing.com/?db=SASDEV&schema=SANDBOX. with driver net.snowflake.client.jdbc.SnowflakeDriver.  Your user account has been temporarily locked due to too many failed attempts. Try again after 15 minutes or contact your account administrator for assistance. For more information about this error, go to https://community.snowflake.com/s/error-your-user-login-has-been-locked.
	at liquibase.command.core.helpers.AbstractDatabaseConnectionCommandStep.createDatabaseObject(AbstractDatabaseConnectionCommandStep.java:106)
	at liquibase.command.core.helpers.DbUrlConnectionCommandStep.obtainDatabase(DbUrlConnectionCommandStep.java:106)
	at liquibase.command.core.helpers.DbUrlConnectionCommandStep.run(DbUrlConnectionCommandStep.java:83)
	at liquibase.command.CommandScope.lambda$execute$6(CommandScope.java:231)
	... 24 more
Caused by: liquibase.exception.DatabaseException: liquibase.exception.DatabaseException: liquibase.exception.DatabaseException: Connection could not be created to jdbc:snowflake://cdwprd.us-east-1.snowflakecomputing.com/?db=SASDEV&schema=SANDBOX. with driver net.snowflake.client.jdbc.SnowflakeDriver.  Your user account has been temporarily locked due to too many failed attempts. Try again after 15 minutes or contact your account administrator for assistance. For more information about this error, go to https://community.snowflake.com/s/error-your-user-login-has-been-locked.
	at liquibase.database.DatabaseFactory.openConnection(DatabaseFactory.java:241)
	at liquibase.database.DatabaseFactory.openConnection(DatabaseFactory.java:188)
	at liquibase.database.DatabaseFactory.openDatabase(DatabaseFactory.java:153)
	at liquibase.command.core.helpers.AbstractDatabaseConnectionCommandStep.createDatabaseObject(AbstractDatabaseConnectionCommandStep.java:74)
	... 27 more
Caused by: liquibase.exception.DatabaseException: liquibase.exception.DatabaseException: Connection could not be created to jdbc:snowflake://cdwprd.us-east-1.snowflakecomputing.com/?db=SASDEV&schema=SANDBOX. with driver net.snowflake.client.jdbc.SnowflakeDriver.  Your user account has been temporarily locked due to too many failed attempts. Try again after 15 minutes or contact your account administrator for assistance. For more information about this error, go to https://community.snowflake.com/s/error-your-user-login-has-been-locked.
	at liquibase.database.ConnectionServiceFactory.create(ConnectionServiceFactory.java:35)
	at liquibase.database.DatabaseFactory.openConnection(DatabaseFactory.java:238)
	... 30 more
Caused by: liquibase.exception.DatabaseException: Connection could not be created to jdbc:snowflake://cdwprd.us-east-1.snowflakecomputing.com/?db=SASDEV&schema=SANDBOX. with driver net.snowflake.client.jdbc.SnowflakeDriver.  Your user account has been temporarily locked due to too many failed attempts. Try again after 15 minutes or contact your account administrator for assistance. For more information about this error, go to https://community.snowflake.com/s/error-your-user-login-has-been-locked.
	at liquibase.database.jvm.JdbcConnection.open(JdbcConnection.java:50)
	at com.datical.liquibase.ext.database.jvm.ProJdbcConnection.open(ProJdbcConnection.java:33)
	at liquibase.database.ConnectionServiceFactory.create(ConnectionServiceFactory.java:32)
	... 31 more
Caused by: net.snowflake.client.jdbc.SnowflakeSQLException: Your user account has been temporarily locked due to too many failed attempts. Try again after 15 minutes or contact your account administrator for assistance. For more information about this error, go to https://community.snowflake.com/s/error-your-user-login-has-been-locked.
	at net.snowflake.client.core.SessionUtil.newSession(SessionUtil.java:794)
	at net.snowflake.client.core.SessionUtil.openSession(SessionUtil.java:310)
	at net.snowflake.client.core.SFSession.open(SFSession.java:651)
	at net.snowflake.client.jdbc.DefaultSFConnectionHandler.initialize(DefaultSFConnectionHandler.java:129)
	at net.snowflake.client.jdbc.DefaultSFConnectionHandler.initializeConnection(DefaultSFConnectionHandler.java:102)
	at net.snowflake.client.jdbc.SnowflakeConnectionV1.initConnectionWithImpl(SnowflakeConnectionV1.java:146)
	at net.snowflake.client.jdbc.SnowflakeConnectionV1.<init>(SnowflakeConnectionV1.java:123)
	at net.snowflake.client.jdbc.SnowflakeDriver.connect(SnowflakeDriver.java:231)
	at liquibase.database.jvm.JdbcConnection.open(JdbcConnection.java:42)
	... 33 more

[2025-02-07 11:38:29] SEVERE [net.snowflake.client.core.SessionUtil newSession] Failed to open new session for user: CICD_Test, host: cdwprd.us-east-1.snowflakecomputing.com. Error: Incorrect username or password was specified.
[2025-02-07 11:38:29] SEVERE [liquibase.integration] Connection could not be created to jdbc:snowflake://cdwprd.us-east-1.snowflakecomputing.com/?db=SASDEV&schema=SANDBOX. with driver net.snowflake.client.jdbc.SnowflakeDriver.  Incorrect username or password was specified.
liquibase.exception.CommandExecutionException: liquibase.exception.DatabaseException: liquibase.exception.DatabaseException: liquibase.exception.DatabaseException: liquibase.exception.DatabaseException: Connection could not be created to jdbc:snowflake://cdwprd.us-east-1.snowflakecomputing.com/?db=SASDEV&schema=SANDBOX. with driver net.snowflake.client.jdbc.SnowflakeDriver.  Incorrect username or password was specified.
	at liquibase.command.CommandScope.lambda$execute$6(CommandScope.java:278)
	at liquibase.Scope.child(Scope.java:203)
	at liquibase.Scope.child(Scope.java:179)
	at liquibase.command.CommandScope.execute(CommandScope.java:219)
	at liquibase.integration.commandline.CommandRunner.call(CommandRunner.java:51)
	at liquibase.integration.commandline.CommandRunner.call(CommandRunner.java:21)
	at picocli.CommandLine.executeUserObject(CommandLine.java:2045)
	at picocli.CommandLine.access$1500(CommandLine.java:148)
	at picocli.CommandLine$RunLast.executeUserObjectOfLastSubcommandWithSameParent(CommandLine.java:2465)
	at picocli.CommandLine$RunLast.handle(CommandLine.java:2457)
	at picocli.CommandLine$RunLast.handle(CommandLine.java:2419)
	at picocli.CommandLine$AbstractParseResultHandler.execute(CommandLine.java:2277)
	at picocli.CommandLine$RunLast.execute(CommandLine.java:2421)
	at picocli.CommandLine.execute(CommandLine.java:2174)
	at liquibase.integration.commandline.LiquibaseCommandLine.lambda$execute$2(LiquibaseCommandLine.java:391)
	at liquibase.Scope.child(Scope.java:203)
	at liquibase.Scope.child(Scope.java:179)
	at liquibase.integration.commandline.LiquibaseCommandLine.lambda$execute$3(LiquibaseCommandLine.java:366)
	at liquibase.Scope.child(Scope.java:203)
	at liquibase.Scope.child(Scope.java:179)
	at liquibase.integration.commandline.LiquibaseCommandLine.execute(LiquibaseCommandLine.java:363)
	at liquibase.integration.commandline.LiquibaseCommandLine.main(LiquibaseCommandLine.java:98)
	at java.base/jdk.internal.reflect.DirectMethodHandleAccessor.invoke(DirectMethodHandleAccessor.java:103)
	at java.base/java.lang.reflect.Method.invoke(Method.java:580)
	at liquibase.integration.commandline.LiquibaseLauncher.main(LiquibaseLauncher.java:116)
Caused by: liquibase.exception.DatabaseException: liquibase.exception.DatabaseException: liquibase.exception.DatabaseException: liquibase.exception.DatabaseException: Connection could not be created to jdbc:snowflake://cdwprd.us-east-1.snowflakecomputing.com/?db=SASDEV&schema=SANDBOX. with driver net.snowflake.client.jdbc.SnowflakeDriver.  Incorrect username or password was specified.
	at liquibase.command.core.helpers.AbstractDatabaseConnectionCommandStep.createDatabaseObject(AbstractDatabaseConnectionCommandStep.java:106)
	at liquibase.command.core.helpers.DbUrlConnectionCommandStep.obtainDatabase(DbUrlConnectionCommandStep.java:106)
	at liquibase.command.core.helpers.DbUrlConnectionCommandStep.run(DbUrlConnectionCommandStep.java:83)
	at liquibase.command.CommandScope.lambda$execute$6(CommandScope.java:231)
	... 24 more
Caused by: liquibase.exception.DatabaseException: liquibase.exception.DatabaseException: liquibase.exception.DatabaseException: Connection could not be created to jdbc:snowflake://cdwprd.us-east-1.snowflakecomputing.com/?db=SASDEV&schema=SANDBOX. with driver net.snowflake.client.jdbc.SnowflakeDriver.  Incorrect username or password was specified.
	at liquibase.database.DatabaseFactory.openConnection(DatabaseFactory.java:241)
	at liquibase.database.DatabaseFactory.openConnection(DatabaseFactory.java:188)
	at liquibase.database.DatabaseFactory.openDatabase(DatabaseFactory.java:153)
	at liquibase.command.core.helpers.AbstractDatabaseConnectionCommandStep.createDatabaseObject(AbstractDatabaseConnectionCommandStep.java:74)
	... 27 more
Caused by: liquibase.exception.DatabaseException: liquibase.exception.DatabaseException: Connection could not be created to jdbc:snowflake://cdwprd.us-east-1.snowflakecomputing.com/?db=SASDEV&schema=SANDBOX. with driver net.snowflake.client.jdbc.SnowflakeDriver.  Incorrect username or password was specified.
	at liquibase.database.ConnectionServiceFactory.create(ConnectionServiceFactory.java:35)
	at liquibase.database.DatabaseFactory.openConnection(DatabaseFactory.java:238)
	... 30 more
Caused by: liquibase.exception.DatabaseException: Connection could not be created to jdbc:snowflake://cdwprd.us-east-1.snowflakecomputing.com/?db=SASDEV&schema=SANDBOX. with driver net.snowflake.client.jdbc.SnowflakeDriver.  Incorrect username or password was specified.
	at liquibase.database.jvm.JdbcConnection.open(JdbcConnection.java:50)
	at com.datical.liquibase.ext.database.jvm.ProJdbcConnection.open(ProJdbcConnection.java:33)
	at liquibase.database.ConnectionServiceFactory.create(ConnectionServiceFactory.java:32)
	... 31 more
Caused by: net.snowflake.client.jdbc.SnowflakeSQLException: Incorrect username or password was specified.
	at net.snowflake.client.core.SessionUtil.newSession(SessionUtil.java:794)
	at net.snowflake.client.core.SessionUtil.openSession(SessionUtil.java:310)
	at net.snowflake.client.core.SFSession.open(SFSession.java:651)
	at net.snowflake.client.jdbc.DefaultSFConnectionHandler.initialize(DefaultSFConnectionHandler.java:129)
	at net.snowflake.client.jdbc.DefaultSFConnectionHandler.initializeConnection(DefaultSFConnectionHandler.java:102)
	at net.snowflake.client.jdbc.SnowflakeConnectionV1.initConnectionWithImpl(SnowflakeConnectionV1.java:146)
	at net.snowflake.client.jdbc.SnowflakeConnectionV1.<init>(SnowflakeConnectionV1.java:123)
	at net.snowflake.client.jdbc.SnowflakeDriver.connect(SnowflakeDriver.java:231)
	at liquibase.database.jvm.JdbcConnection.open(JdbcConnection.java:42)
	... 33 more

[2025-02-07 11:39:59] SEVERE [liquibase.integration] The file changelog-root.xml was not found in the configured search path:
    - C:\Projects\Liquibase_Snowflake
    - C:\Program Files\liquibase\internal\lib\liquibase-core.jar
    - C:\Program Files\liquibase\lib
    - C:\Program Files\liquibase\internal\lib\commons-collections4.jar
    - C:\Program Files\liquibase\internal\lib\commons-io.jar
    - C:\Program Files\liquibase\internal\lib\commons-lang3.jar
    - C:\Program Files\liquibase\internal\lib\commons-text.jar
    - C:\Program Files\liquibase\internal\lib\h2.jar
    - C:\Program Files\liquibase\internal\lib\hsqldb.jar
    - C:\Program Files\liquibase\internal\lib\jaxb-api.jar
    - C:\Program Files\liquibase\internal\lib\jaxb-core.jar
    - C:\Program Files\liquibase\internal\lib\jaxb-runtime.jar
    - C:\Program Files\liquibase\internal\lib\jaybird.jar
    - C:\Program Files\liquibase\internal\lib\jcc.jar
    - C:\Program Files\liquibase\internal\lib\liquibase-commercial.jar
    - C:\Program Files\liquibase\internal\lib\mariadb-java-client.jar
    - C:\Program Files\liquibase\internal\lib\mssql-jdbc.jar
    - C:\Program Files\liquibase\internal\lib\ojdbc8.jar
    - C:\Program Files\liquibase\internal\lib\opencsv.jar
    - C:\Program Files\liquibase\internal\lib\picocli.jar
    - C:\Program Files\liquibase\internal\lib\postgresql.jar
    - C:\Program Files\liquibase\internal\lib\slf4j-api.jar
    - C:\Program Files\liquibase\internal\lib\slf4j-simple.jar
    - C:\Program Files\liquibase\internal\lib\snakeyaml.jar
    - C:\Program Files\liquibase\internal\lib\snowflake-jdbc.jar
    - C:\Program Files\liquibase\internal\lib\sqlite-jdbc.jar
    - C:\Program Files\liquibase\internal\lib
    - C:\Program Files\liquibase\internal\extensions\liquibase-commercial-bigquery.jar
    - C:\Program Files\liquibase\internal\extensions
More locations can be added with the 'searchPath' parameter.
liquibase.exception.CommandExecutionException: liquibase.exception.ChangeLogParseException: The file changelog-root.xml was not found in the configured search path:
    - C:\Projects\Liquibase_Snowflake
    - C:\Program Files\liquibase\internal\lib\liquibase-core.jar
    - C:\Program Files\liquibase\lib
    - C:\Program Files\liquibase\internal\lib\commons-collections4.jar
    - C:\Program Files\liquibase\internal\lib\commons-io.jar
    - C:\Program Files\liquibase\internal\lib\commons-lang3.jar
    - C:\Program Files\liquibase\internal\lib\commons-text.jar
    - C:\Program Files\liquibase\internal\lib\h2.jar
    - C:\Program Files\liquibase\internal\lib\hsqldb.jar
    - C:\Program Files\liquibase\internal\lib\jaxb-api.jar
    - C:\Program Files\liquibase\internal\lib\jaxb-core.jar
    - C:\Program Files\liquibase\internal\lib\jaxb-runtime.jar
    - C:\Program Files\liquibase\internal\lib\jaybird.jar
    - C:\Program Files\liquibase\internal\lib\jcc.jar
    - C:\Program Files\liquibase\internal\lib\liquibase-commercial.jar
    - C:\Program Files\liquibase\internal\lib\mariadb-java-client.jar
    - C:\Program Files\liquibase\internal\lib\mssql-jdbc.jar
    - C:\Program Files\liquibase\internal\lib\ojdbc8.jar
    - C:\Program Files\liquibase\internal\lib\opencsv.jar
    - C:\Program Files\liquibase\internal\lib\picocli.jar
    - C:\Program Files\liquibase\internal\lib\postgresql.jar
    - C:\Program Files\liquibase\internal\lib\slf4j-api.jar
    - C:\Program Files\liquibase\internal\lib\slf4j-simple.jar
    - C:\Program Files\liquibase\internal\lib\snakeyaml.jar
    - C:\Program Files\liquibase\internal\lib\snowflake-jdbc.jar
    - C:\Program Files\liquibase\internal\lib\sqlite-jdbc.jar
    - C:\Program Files\liquibase\internal\lib
    - C:\Program Files\liquibase\internal\extensions\liquibase-commercial-bigquery.jar
    - C:\Program Files\liquibase\internal\extensions
More locations can be added with the 'searchPath' parameter.
	at liquibase.command.CommandScope.lambda$execute$6(CommandScope.java:278)
	at liquibase.Scope.child(Scope.java:203)
	at liquibase.Scope.child(Scope.java:179)
	at liquibase.command.CommandScope.execute(CommandScope.java:219)
	at liquibase.integration.commandline.CommandRunner.call(CommandRunner.java:51)
	at liquibase.integration.commandline.CommandRunner.call(CommandRunner.java:21)
	at picocli.CommandLine.executeUserObject(CommandLine.java:2045)
	at picocli.CommandLine.access$1500(CommandLine.java:148)
	at picocli.CommandLine$RunLast.executeUserObjectOfLastSubcommandWithSameParent(CommandLine.java:2465)
	at picocli.CommandLine$RunLast.handle(CommandLine.java:2457)
	at picocli.CommandLine$RunLast.handle(CommandLine.java:2419)
	at picocli.CommandLine$AbstractParseResultHandler.execute(CommandLine.java:2277)
	at picocli.CommandLine$RunLast.execute(CommandLine.java:2421)
	at picocli.CommandLine.execute(CommandLine.java:2174)
	at liquibase.integration.commandline.LiquibaseCommandLine.lambda$execute$2(LiquibaseCommandLine.java:391)
	at liquibase.Scope.child(Scope.java:203)
	at liquibase.Scope.child(Scope.java:179)
	at liquibase.integration.commandline.LiquibaseCommandLine.lambda$execute$3(LiquibaseCommandLine.java:366)
	at liquibase.Scope.child(Scope.java:203)
	at liquibase.Scope.child(Scope.java:179)
	at liquibase.integration.commandline.LiquibaseCommandLine.execute(LiquibaseCommandLine.java:363)
	at liquibase.integration.commandline.LiquibaseCommandLine.main(LiquibaseCommandLine.java:98)
	at java.base/jdk.internal.reflect.DirectMethodHandleAccessor.invoke(DirectMethodHandleAccessor.java:103)
	at java.base/java.lang.reflect.Method.invoke(Method.java:580)
	at liquibase.integration.commandline.LiquibaseLauncher.main(LiquibaseLauncher.java:116)
Caused by: liquibase.exception.ChangeLogParseException: The file changelog-root.xml was not found in the configured search path:
    - C:\Projects\Liquibase_Snowflake
    - C:\Program Files\liquibase\internal\lib\liquibase-core.jar
    - C:\Program Files\liquibase\lib
    - C:\Program Files\liquibase\internal\lib\commons-collections4.jar
    - C:\Program Files\liquibase\internal\lib\commons-io.jar
    - C:\Program Files\liquibase\internal\lib\commons-lang3.jar
    - C:\Program Files\liquibase\internal\lib\commons-text.jar
    - C:\Program Files\liquibase\internal\lib\h2.jar
    - C:\Program Files\liquibase\internal\lib\hsqldb.jar
    - C:\Program Files\liquibase\internal\lib\jaxb-api.jar
    - C:\Program Files\liquibase\internal\lib\jaxb-core.jar
    - C:\Program Files\liquibase\internal\lib\jaxb-runtime.jar
    - C:\Program Files\liquibase\internal\lib\jaybird.jar
    - C:\Program Files\liquibase\internal\lib\jcc.jar
    - C:\Program Files\liquibase\internal\lib\liquibase-commercial.jar
    - C:\Program Files\liquibase\internal\lib\mariadb-java-client.jar
    - C:\Program Files\liquibase\internal\lib\mssql-jdbc.jar
    - C:\Program Files\liquibase\internal\lib\ojdbc8.jar
    - C:\Program Files\liquibase\internal\lib\opencsv.jar
    - C:\Program Files\liquibase\internal\lib\picocli.jar
    - C:\Program Files\liquibase\internal\lib\postgresql.jar
    - C:\Program Files\liquibase\internal\lib\slf4j-api.jar
    - C:\Program Files\liquibase\internal\lib\slf4j-simple.jar
    - C:\Program Files\liquibase\internal\lib\snakeyaml.jar
    - C:\Program Files\liquibase\internal\lib\snowflake-jdbc.jar
    - C:\Program Files\liquibase\internal\lib\sqlite-jdbc.jar
    - C:\Program Files\liquibase\internal\lib
    - C:\Program Files\liquibase\internal\extensions\liquibase-commercial-bigquery.jar
    - C:\Program Files\liquibase\internal\extensions
More locations can be added with the 'searchPath' parameter.
	at liquibase.parser.core.xml.XMLChangeLogSAXParser.parseToNode(XMLChangeLogSAXParser.java:117)
	at liquibase.parser.core.xml.AbstractChangeLogParser.parse(AbstractChangeLogParser.java:15)
	at liquibase.command.core.helpers.DatabaseChangelogCommandStep.lambda$getDatabaseChangeLog$0(DatabaseChangelogCommandStep.java:129)
	at liquibase.Scope.child(Scope.java:203)
	at liquibase.Scope.child(Scope.java:179)
	at liquibase.command.core.helpers.DatabaseChangelogCommandStep.getDatabaseChangeLog(DatabaseChangelogCommandStep.java:128)
	at liquibase.command.core.helpers.DatabaseChangelogCommandStep.run(DatabaseChangelogCommandStep.java:87)
	at liquibase.command.CommandScope.lambda$execute$6(CommandScope.java:231)
	... 24 more

[2025-02-07 11:42:45] SEVERE [liquibase.integration] The file rootdbchangelogchangelog-root.xml was not found in the configured search path:
    - C:\Projects\Liquibase_Snowflake
    - C:\Program Files\liquibase\internal\lib\liquibase-core.jar
    - C:\Program Files\liquibase\lib
    - C:\Program Files\liquibase\internal\lib\commons-collections4.jar
    - C:\Program Files\liquibase\internal\lib\commons-io.jar
    - C:\Program Files\liquibase\internal\lib\commons-lang3.jar
    - C:\Program Files\liquibase\internal\lib\commons-text.jar
    - C:\Program Files\liquibase\internal\lib\h2.jar
    - C:\Program Files\liquibase\internal\lib\hsqldb.jar
    - C:\Program Files\liquibase\internal\lib\jaxb-api.jar
    - C:\Program Files\liquibase\internal\lib\jaxb-core.jar
    - C:\Program Files\liquibase\internal\lib\jaxb-runtime.jar
    - C:\Program Files\liquibase\internal\lib\jaybird.jar
    - C:\Program Files\liquibase\internal\lib\jcc.jar
    - C:\Program Files\liquibase\internal\lib\liquibase-commercial.jar
    - C:\Program Files\liquibase\internal\lib\mariadb-java-client.jar
    - C:\Program Files\liquibase\internal\lib\mssql-jdbc.jar
    - C:\Program Files\liquibase\internal\lib\ojdbc8.jar
    - C:\Program Files\liquibase\internal\lib\opencsv.jar
    - C:\Program Files\liquibase\internal\lib\picocli.jar
    - C:\Program Files\liquibase\internal\lib\postgresql.jar
    - C:\Program Files\liquibase\internal\lib\slf4j-api.jar
    - C:\Program Files\liquibase\internal\lib\slf4j-simple.jar
    - C:\Program Files\liquibase\internal\lib\snakeyaml.jar
    - C:\Program Files\liquibase\internal\lib\snowflake-jdbc.jar
    - C:\Program Files\liquibase\internal\lib\sqlite-jdbc.jar
    - C:\Program Files\liquibase\internal\lib
    - C:\Program Files\liquibase\internal\extensions\liquibase-commercial-bigquery.jar
    - C:\Program Files\liquibase\internal\extensions
More locations can be added with the 'searchPath' parameter.
liquibase.exception.CommandExecutionException: liquibase.exception.ChangeLogParseException: The file rootdbchangelogchangelog-root.xml was not found in the configured search path:
    - C:\Projects\Liquibase_Snowflake
    - C:\Program Files\liquibase\internal\lib\liquibase-core.jar
    - C:\Program Files\liquibase\lib
    - C:\Program Files\liquibase\internal\lib\commons-collections4.jar
    - C:\Program Files\liquibase\internal\lib\commons-io.jar
    - C:\Program Files\liquibase\internal\lib\commons-lang3.jar
    - C:\Program Files\liquibase\internal\lib\commons-text.jar
    - C:\Program Files\liquibase\internal\lib\h2.jar
    - C:\Program Files\liquibase\internal\lib\hsqldb.jar
    - C:\Program Files\liquibase\internal\lib\jaxb-api.jar
    - C:\Program Files\liquibase\internal\lib\jaxb-core.jar
    - C:\Program Files\liquibase\internal\lib\jaxb-runtime.jar
    - C:\Program Files\liquibase\internal\lib\jaybird.jar
    - C:\Program Files\liquibase\internal\lib\jcc.jar
    - C:\Program Files\liquibase\internal\lib\liquibase-commercial.jar
    - C:\Program Files\liquibase\internal\lib\mariadb-java-client.jar
    - C:\Program Files\liquibase\internal\lib\mssql-jdbc.jar
    - C:\Program Files\liquibase\internal\lib\ojdbc8.jar
    - C:\Program Files\liquibase\internal\lib\opencsv.jar
    - C:\Program Files\liquibase\internal\lib\picocli.jar
    - C:\Program Files\liquibase\internal\lib\postgresql.jar
    - C:\Program Files\liquibase\internal\lib\slf4j-api.jar
    - C:\Program Files\liquibase\internal\lib\slf4j-simple.jar
    - C:\Program Files\liquibase\internal\lib\snakeyaml.jar
    - C:\Program Files\liquibase\internal\lib\snowflake-jdbc.jar
    - C:\Program Files\liquibase\internal\lib\sqlite-jdbc.jar
    - C:\Program Files\liquibase\internal\lib
    - C:\Program Files\liquibase\internal\extensions\liquibase-commercial-bigquery.jar
    - C:\Program Files\liquibase\internal\extensions
More locations can be added with the 'searchPath' parameter.
	at liquibase.command.CommandScope.lambda$execute$6(CommandScope.java:278)
	at liquibase.Scope.child(Scope.java:203)
	at liquibase.Scope.child(Scope.java:179)
	at liquibase.command.CommandScope.execute(CommandScope.java:219)
	at liquibase.integration.commandline.CommandRunner.call(CommandRunner.java:51)
	at liquibase.integration.commandline.CommandRunner.call(CommandRunner.java:21)
	at picocli.CommandLine.executeUserObject(CommandLine.java:2045)
	at picocli.CommandLine.access$1500(CommandLine.java:148)
	at picocli.CommandLine$RunLast.executeUserObjectOfLastSubcommandWithSameParent(CommandLine.java:2465)
	at picocli.CommandLine$RunLast.handle(CommandLine.java:2457)
	at picocli.CommandLine$RunLast.handle(CommandLine.java:2419)
	at picocli.CommandLine$AbstractParseResultHandler.execute(CommandLine.java:2277)
	at picocli.CommandLine$RunLast.execute(CommandLine.java:2421)
	at picocli.CommandLine.execute(CommandLine.java:2174)
	at liquibase.integration.commandline.LiquibaseCommandLine.lambda$execute$2(LiquibaseCommandLine.java:391)
	at liquibase.Scope.child(Scope.java:203)
	at liquibase.Scope.child(Scope.java:179)
	at liquibase.integration.commandline.LiquibaseCommandLine.lambda$execute$3(LiquibaseCommandLine.java:366)
	at liquibase.Scope.child(Scope.java:203)
	at liquibase.Scope.child(Scope.java:179)
	at liquibase.integration.commandline.LiquibaseCommandLine.execute(LiquibaseCommandLine.java:363)
	at liquibase.integration.commandline.LiquibaseCommandLine.main(LiquibaseCommandLine.java:98)
	at java.base/jdk.internal.reflect.DirectMethodHandleAccessor.invoke(DirectMethodHandleAccessor.java:103)
	at java.base/java.lang.reflect.Method.invoke(Method.java:580)
	at liquibase.integration.commandline.LiquibaseLauncher.main(LiquibaseLauncher.java:116)
Caused by: liquibase.exception.ChangeLogParseException: The file rootdbchangelogchangelog-root.xml was not found in the configured search path:
    - C:\Projects\Liquibase_Snowflake
    - C:\Program Files\liquibase\internal\lib\liquibase-core.jar
    - C:\Program Files\liquibase\lib
    - C:\Program Files\liquibase\internal\lib\commons-collections4.jar
    - C:\Program Files\liquibase\internal\lib\commons-io.jar
    - C:\Program Files\liquibase\internal\lib\commons-lang3.jar
    - C:\Program Files\liquibase\internal\lib\commons-text.jar
    - C:\Program Files\liquibase\internal\lib\h2.jar
    - C:\Program Files\liquibase\internal\lib\hsqldb.jar
    - C:\Program Files\liquibase\internal\lib\jaxb-api.jar
    - C:\Program Files\liquibase\internal\lib\jaxb-core.jar
    - C:\Program Files\liquibase\internal\lib\jaxb-runtime.jar
    - C:\Program Files\liquibase\internal\lib\jaybird.jar
    - C:\Program Files\liquibase\internal\lib\jcc.jar
    - C:\Program Files\liquibase\internal\lib\liquibase-commercial.jar
    - C:\Program Files\liquibase\internal\lib\mariadb-java-client.jar
    - C:\Program Files\liquibase\internal\lib\mssql-jdbc.jar
    - C:\Program Files\liquibase\internal\lib\ojdbc8.jar
    - C:\Program Files\liquibase\internal\lib\opencsv.jar
    - C:\Program Files\liquibase\internal\lib\picocli.jar
    - C:\Program Files\liquibase\internal\lib\postgresql.jar
    - C:\Program Files\liquibase\internal\lib\slf4j-api.jar
    - C:\Program Files\liquibase\internal\lib\slf4j-simple.jar
    - C:\Program Files\liquibase\internal\lib\snakeyaml.jar
    - C:\Program Files\liquibase\internal\lib\snowflake-jdbc.jar
    - C:\Program Files\liquibase\internal\lib\sqlite-jdbc.jar
    - C:\Program Files\liquibase\internal\lib
    - C:\Program Files\liquibase\internal\extensions\liquibase-commercial-bigquery.jar
    - C:\Program Files\liquibase\internal\extensions
More locations can be added with the 'searchPath' parameter.
	at liquibase.parser.core.xml.XMLChangeLogSAXParser.parseToNode(XMLChangeLogSAXParser.java:117)
	at liquibase.parser.core.xml.AbstractChangeLogParser.parse(AbstractChangeLogParser.java:15)
	at liquibase.command.core.helpers.DatabaseChangelogCommandStep.lambda$getDatabaseChangeLog$0(DatabaseChangelogCommandStep.java:129)
	at liquibase.Scope.child(Scope.java:203)
	at liquibase.Scope.child(Scope.java:179)
	at liquibase.command.core.helpers.DatabaseChangelogCommandStep.getDatabaseChangeLog(DatabaseChangelogCommandStep.java:128)
	at liquibase.command.core.helpers.DatabaseChangelogCommandStep.run(DatabaseChangelogCommandStep.java:87)
	at liquibase.command.CommandScope.lambda$execute$6(CommandScope.java:231)
	... 24 more

[2025-02-07 11:48:43] SEVERE [liquibase.integration] Illegal char <> at index 29: C:ProjectsLiquibase_Snowflakeootdbchangelogchangelog-root.xml
liquibase.exception.CommandExecutionException: liquibase.exception.ChangeLogParseException: java.nio.file.InvalidPathException: Illegal char <> at index 29: C:ProjectsLiquibase_Snowflakeootdbchangelogchangelog-root.xml
	at liquibase.command.CommandScope.lambda$execute$6(CommandScope.java:278)
	at liquibase.Scope.child(Scope.java:203)
	at liquibase.Scope.child(Scope.java:179)
	at liquibase.command.CommandScope.execute(CommandScope.java:219)
	at liquibase.integration.commandline.CommandRunner.call(CommandRunner.java:51)
	at liquibase.integration.commandline.CommandRunner.call(CommandRunner.java:21)
	at picocli.CommandLine.executeUserObject(CommandLine.java:2045)
	at picocli.CommandLine.access$1500(CommandLine.java:148)
	at picocli.CommandLine$RunLast.executeUserObjectOfLastSubcommandWithSameParent(CommandLine.java:2465)
	at picocli.CommandLine$RunLast.handle(CommandLine.java:2457)
	at picocli.CommandLine$RunLast.handle(CommandLine.java:2419)
	at picocli.CommandLine$AbstractParseResultHandler.execute(CommandLine.java:2277)
	at picocli.CommandLine$RunLast.execute(CommandLine.java:2421)
	at picocli.CommandLine.execute(CommandLine.java:2174)
	at liquibase.integration.commandline.LiquibaseCommandLine.lambda$execute$2(LiquibaseCommandLine.java:391)
	at liquibase.Scope.child(Scope.java:203)
	at liquibase.Scope.child(Scope.java:179)
	at liquibase.integration.commandline.LiquibaseCommandLine.lambda$execute$3(LiquibaseCommandLine.java:366)
	at liquibase.Scope.child(Scope.java:203)
	at liquibase.Scope.child(Scope.java:179)
	at liquibase.integration.commandline.LiquibaseCommandLine.execute(LiquibaseCommandLine.java:363)
	at liquibase.integration.commandline.LiquibaseCommandLine.main(LiquibaseCommandLine.java:98)
	at java.base/jdk.internal.reflect.DirectMethodHandleAccessor.invoke(DirectMethodHandleAccessor.java:103)
	at java.base/java.lang.reflect.Method.invoke(Method.java:580)
	at liquibase.integration.commandline.LiquibaseLauncher.main(LiquibaseLauncher.java:116)
Caused by: liquibase.exception.ChangeLogParseException: java.nio.file.InvalidPathException: Illegal char <> at index 29: C:ProjectsLiquibase_Snowflakeootdbchangelogchangelog-root.xml
	at liquibase.parser.core.xml.XMLChangeLogSAXParser.parseToNode(XMLChangeLogSAXParser.java:157)
	at liquibase.parser.core.xml.AbstractChangeLogParser.parse(AbstractChangeLogParser.java:15)
	at liquibase.command.core.helpers.DatabaseChangelogCommandStep.lambda$getDatabaseChangeLog$0(DatabaseChangelogCommandStep.java:129)
	at liquibase.Scope.child(Scope.java:203)
	at liquibase.Scope.child(Scope.java:179)
	at liquibase.command.core.helpers.DatabaseChangelogCommandStep.getDatabaseChangeLog(DatabaseChangelogCommandStep.java:128)
	at liquibase.command.core.helpers.DatabaseChangelogCommandStep.run(DatabaseChangelogCommandStep.java:87)
	at liquibase.command.CommandScope.lambda$execute$6(CommandScope.java:231)
	... 24 more
Caused by: java.nio.file.InvalidPathException: Illegal char <> at index 29: C:ProjectsLiquibase_Snowflakeootdbchangelogchangelog-root.xml
	at java.base/sun.nio.fs.WindowsPathParser.normalize(WindowsPathParser.java:204)
	at java.base/sun.nio.fs.WindowsPathParser.parse(WindowsPathParser.java:175)
	at java.base/sun.nio.fs.WindowsPathParser.parse(WindowsPathParser.java:77)
	at java.base/sun.nio.fs.WindowsPath.parse(WindowsPath.java:92)
	at java.base/sun.nio.fs.WindowsFileSystem.getPath(WindowsFileSystem.java:231)
	at java.base/java.nio.file.Path.resolve(Path.java:516)
	at liquibase.resource.AbstractPathResourceAccessor.getAll(AbstractPathResourceAccessor.java:39)
	at liquibase.resource.CompositeResourceAccessor.getAll(CompositeResourceAccessor.java:71)
	at liquibase.resource.ResourceAccessor.get(ResourceAccessor.java:234)
	at liquibase.parser.core.xml.XMLChangeLogSAXParser.parseToNode(XMLChangeLogSAXParser.java:77)
	... 31 more

[2025-02-07 11:49:57] SEVERE [liquibase.resource] Cannot parse resource location: 'C:ProjectsLiquibase_Snowflakeootdbchangelog'
java.io.IOException: Cannot parse resource location: 'C:ProjectsLiquibase_Snowflakeootdbchangelog'
	at liquibase.resource.PathHandlerFactory.getResourceAccessor(PathHandlerFactory.java:35)
	at liquibase.resource.SearchPathResourceAccessor.lambda$new$0(SearchPathResourceAccessor.java:41)
	at java.base/java.util.ArrayList.forEach(ArrayList.java:1596)
	at liquibase.resource.SearchPathResourceAccessor.<init>(SearchPathResourceAccessor.java:39)
	at liquibase.resource.SearchPathResourceAccessor.<init>(SearchPathResourceAccessor.java:21)
	at liquibase.integration.commandline.LiquibaseCommandLine.configureResourceAccessor(LiquibaseCommandLine.java:838)
	at liquibase.integration.commandline.LiquibaseCommandLine.lambda$configureScope$4(LiquibaseCommandLine.java:694)
	at liquibase.Scope.lambda$child$0(Scope.java:194)
	at liquibase.Scope.child(Scope.java:203)
	at liquibase.Scope.child(Scope.java:193)
	at liquibase.Scope.child(Scope.java:172)
	at liquibase.integration.commandline.LiquibaseCommandLine.configureScope(LiquibaseCommandLine.java:694)
	at liquibase.integration.commandline.LiquibaseCommandLine.lambda$execute$3(LiquibaseCommandLine.java:366)
	at liquibase.Scope.child(Scope.java:203)
	at liquibase.Scope.child(Scope.java:179)
	at liquibase.integration.commandline.LiquibaseCommandLine.execute(LiquibaseCommandLine.java:363)
	at liquibase.integration.commandline.LiquibaseCommandLine.main(LiquibaseCommandLine.java:98)
	at java.base/jdk.internal.reflect.DirectMethodHandleAccessor.invoke(DirectMethodHandleAccessor.java:103)
	at java.base/java.lang.reflect.Method.invoke(Method.java:580)
	at liquibase.integration.commandline.LiquibaseLauncher.main(LiquibaseLauncher.java:116)

[2025-02-07 11:50:02] SEVERE [liquibase.integration] The file changelog-root.xml was not found in the configured search path:
More locations can be added with the 'searchPath' parameter.
liquibase.exception.CommandExecutionException: liquibase.exception.ChangeLogParseException: The file changelog-root.xml was not found in the configured search path:
More locations can be added with the 'searchPath' parameter.
	at liquibase.command.CommandScope.lambda$execute$6(CommandScope.java:278)
	at liquibase.Scope.child(Scope.java:203)
	at liquibase.Scope.child(Scope.java:179)
	at liquibase.command.CommandScope.execute(CommandScope.java:219)
	at liquibase.integration.commandline.CommandRunner.call(CommandRunner.java:51)
	at liquibase.integration.commandline.CommandRunner.call(CommandRunner.java:21)
	at picocli.CommandLine.executeUserObject(CommandLine.java:2045)
	at picocli.CommandLine.access$1500(CommandLine.java:148)
	at picocli.CommandLine$RunLast.executeUserObjectOfLastSubcommandWithSameParent(CommandLine.java:2465)
	at picocli.CommandLine$RunLast.handle(CommandLine.java:2457)
	at picocli.CommandLine$RunLast.handle(CommandLine.java:2419)
	at picocli.CommandLine$AbstractParseResultHandler.execute(CommandLine.java:2277)
	at picocli.CommandLine$RunLast.execute(CommandLine.java:2421)
	at picocli.CommandLine.execute(CommandLine.java:2174)
	at liquibase.integration.commandline.LiquibaseCommandLine.lambda$execute$2(LiquibaseCommandLine.java:391)
	at liquibase.Scope.child(Scope.java:203)
	at liquibase.Scope.child(Scope.java:179)
	at liquibase.integration.commandline.LiquibaseCommandLine.lambda$execute$3(LiquibaseCommandLine.java:366)
	at liquibase.Scope.child(Scope.java:203)
	at liquibase.Scope.child(Scope.java:179)
	at liquibase.integration.commandline.LiquibaseCommandLine.execute(LiquibaseCommandLine.java:363)
	at liquibase.integration.commandline.LiquibaseCommandLine.main(LiquibaseCommandLine.java:98)
	at java.base/jdk.internal.reflect.DirectMethodHandleAccessor.invoke(DirectMethodHandleAccessor.java:103)
	at java.base/java.lang.reflect.Method.invoke(Method.java:580)
	at liquibase.integration.commandline.LiquibaseLauncher.main(LiquibaseLauncher.java:116)
Caused by: liquibase.exception.ChangeLogParseException: The file changelog-root.xml was not found in the configured search path:
More locations can be added with the 'searchPath' parameter.
	at liquibase.parser.core.xml.XMLChangeLogSAXParser.parseToNode(XMLChangeLogSAXParser.java:117)
	at liquibase.parser.core.xml.AbstractChangeLogParser.parse(AbstractChangeLogParser.java:15)
	at liquibase.command.core.helpers.DatabaseChangelogCommandStep.lambda$getDatabaseChangeLog$0(DatabaseChangelogCommandStep.java:129)
	at liquibase.Scope.child(Scope.java:203)
	at liquibase.Scope.child(Scope.java:179)
	at liquibase.command.core.helpers.DatabaseChangelogCommandStep.getDatabaseChangeLog(DatabaseChangelogCommandStep.java:128)
	at liquibase.command.core.helpers.DatabaseChangelogCommandStep.run(DatabaseChangelogCommandStep.java:87)
	at liquibase.command.CommandScope.lambda$execute$6(CommandScope.java:231)
	... 24 more

[2025-02-07 11:52:41] SEVERE [liquibase.integration] The file root/db/changelog/changelog-table.sql was not found in the configured search path:
    - C:\Projects\Liquibase_Snowflake\root\db\changelog
More locations can be added with the 'searchPath' parameter.
liquibase.exception.CommandExecutionException: liquibase.exception.ChangeLogParseException: liquibase.exception.SetupException: The file root/db/changelog/changelog-table.sql was not found in the configured search path:
    - C:\Projects\Liquibase_Snowflake\root\db\changelog
More locations can be added with the 'searchPath' parameter.
	at liquibase.command.CommandScope.lambda$execute$6(CommandScope.java:278)
	at liquibase.Scope.child(Scope.java:203)
	at liquibase.Scope.child(Scope.java:179)
	at liquibase.command.CommandScope.execute(CommandScope.java:219)
	at liquibase.integration.commandline.CommandRunner.call(CommandRunner.java:51)
	at liquibase.integration.commandline.CommandRunner.call(CommandRunner.java:21)
	at picocli.CommandLine.executeUserObject(CommandLine.java:2045)
	at picocli.CommandLine.access$1500(CommandLine.java:148)
	at picocli.CommandLine$RunLast.executeUserObjectOfLastSubcommandWithSameParent(CommandLine.java:2465)
	at picocli.CommandLine$RunLast.handle(CommandLine.java:2457)
	at picocli.CommandLine$RunLast.handle(CommandLine.java:2419)
	at picocli.CommandLine$AbstractParseResultHandler.execute(CommandLine.java:2277)
	at picocli.CommandLine$RunLast.execute(CommandLine.java:2421)
	at picocli.CommandLine.execute(CommandLine.java:2174)
	at liquibase.integration.commandline.LiquibaseCommandLine.lambda$execute$2(LiquibaseCommandLine.java:391)
	at liquibase.Scope.child(Scope.java:203)
	at liquibase.Scope.child(Scope.java:179)
	at liquibase.integration.commandline.LiquibaseCommandLine.lambda$execute$3(LiquibaseCommandLine.java:366)
	at liquibase.Scope.child(Scope.java:203)
	at liquibase.Scope.child(Scope.java:179)
	at liquibase.integration.commandline.LiquibaseCommandLine.execute(LiquibaseCommandLine.java:363)
	at liquibase.integration.commandline.LiquibaseCommandLine.main(LiquibaseCommandLine.java:98)
	at java.base/jdk.internal.reflect.DirectMethodHandleAccessor.invoke(DirectMethodHandleAccessor.java:103)
	at java.base/java.lang.reflect.Method.invoke(Method.java:580)
	at liquibase.integration.commandline.LiquibaseLauncher.main(LiquibaseLauncher.java:116)
Caused by: liquibase.exception.ChangeLogParseException: liquibase.exception.SetupException: The file root/db/changelog/changelog-table.sql was not found in the configured search path:
    - C:\Projects\Liquibase_Snowflake\root\db\changelog
More locations can be added with the 'searchPath' parameter.
	at liquibase.parser.core.xml.AbstractChangeLogParser.parse(AbstractChangeLogParser.java:25)
	at liquibase.command.core.helpers.DatabaseChangelogCommandStep.lambda$getDatabaseChangeLog$0(DatabaseChangelogCommandStep.java:129)
	at liquibase.Scope.child(Scope.java:203)
	at liquibase.Scope.child(Scope.java:179)
	at liquibase.command.core.helpers.DatabaseChangelogCommandStep.getDatabaseChangeLog(DatabaseChangelogCommandStep.java:128)
	at liquibase.command.core.helpers.DatabaseChangelogCommandStep.run(DatabaseChangelogCommandStep.java:87)
	at liquibase.command.CommandScope.lambda$execute$6(CommandScope.java:231)
	... 24 more
Caused by: liquibase.exception.SetupException: The file root/db/changelog/changelog-table.sql was not found in the configured search path:
    - C:\Projects\Liquibase_Snowflake\root\db\changelog
More locations can be added with the 'searchPath' parameter.
	at liquibase.changelog.DatabaseChangeLog.handleChildNodeHelper(DatabaseChangeLog.java:534)
	at liquibase.changelog.DatabaseChangeLog.handleChildNode(DatabaseChangeLog.java:485)
	at liquibase.changelog.DatabaseChangeLog.load(DatabaseChangeLog.java:452)
	at liquibase.parser.core.xml.AbstractChangeLogParser.parse(AbstractChangeLogParser.java:23)
	... 30 more
Caused by: liquibase.exception.LiquibaseException: The file root/db/changelog/changelog-table.sql was not found in the configured search path:
    - C:\Projects\Liquibase_Snowflake\root\db\changelog
More locations can be added with the 'searchPath' parameter.
	at liquibase.changelog.DatabaseChangeLog.include(DatabaseChangeLog.java:1085)
	at liquibase.changelog.DatabaseChangeLog.handleChildNodeHelper(DatabaseChangeLog.java:523)
	... 33 more
Caused by: liquibase.exception.ChangeLogParseException: The file root/db/changelog/changelog-table.sql was not found in the configured search path:
    - C:\Projects\Liquibase_Snowflake\root\db\changelog
More locations can be added with the 'searchPath' parameter.
	at liquibase.changelog.DatabaseChangeLog.include(DatabaseChangeLog.java:1047)
	... 34 more

